<?xml version="1.0" encoding="UTF-8"?>
<!-- Generated by org.testng.reporters.JUnitXMLReporter -->
<testsuite ignored="16" hostname="LAPTOP-9D6FS8JE" failures="0" tests="5" name="Test" time="130.865" errors="0" timestamp="2024-07-18T20:04:41 IST">
  <testcase classname="Contacts.CreateContactWithOrganizationTest" name="CreateContactWithOrganization" time="12.696"/>
  <testcase classname="Products.CreateProductsTest" name="CreateProducts" time="13.378"/>
  <testcase classname="Campaigns.CreateCampaignsShobhaTest" name="CreateCampaignsShobha" time="10.457"/>
  <testcase classname="Organization.CreateOrganizationTest" name="CreateOrganization" time="11.811"/>
  <testcase classname="Campaigns.CreateCampaignsWithProductsTest" name="CreateCampaignsWithProducts" time="26.275"/>
  <testcase classname="Generic_Utilities.BaseClass" name="@BeforeSuite BeforeSuite" time="0.0">
    <ignored/>
  </testcase> <!-- @BeforeSuite BeforeSuite -->
  <testcase classname="Generic_Utilities.BaseClass" name="@BeforeSuite BeforeSuite" time="0.0">
    <ignored/>
  </testcase> <!-- @BeforeSuite BeforeSuite -->
  <testcase classname="Generic_Utilities.BaseClass" name="@BeforeSuite BeforeSuite" time="0.0">
    <ignored/>
  </testcase> <!-- @BeforeSuite BeforeSuite -->
  <testcase classname="Generic_Utilities.BaseClass" name="@BeforeSuite BeforeSuite" time="0.0">
    <ignored/>
  </testcase> <!-- @BeforeSuite BeforeSuite -->
  <testcase classname="Generic_Utilities.BaseClass" name="@BeforeSuite AfterSuite" time="0.0">
    <ignored/>
  </testcase> <!-- @BeforeSuite AfterSuite -->
  <testcase classname="Generic_Utilities.BaseClass" name="@BeforeSuite AfterSuite" time="0.0">
    <ignored/>
  </testcase> <!-- @BeforeSuite AfterSuite -->
  <testcase classname="Generic_Utilities.BaseClass" name="@BeforeSuite AfterSuite" time="0.0">
    <ignored/>
  </testcase> <!-- @BeforeSuite AfterSuite -->
  <testcase classname="Generic_Utilities.BaseClass" name="@BeforeSuite AfterSuite" time="0.0">
    <ignored/>
  </testcase> <!-- @BeforeSuite AfterSuite -->
  <testcase classname="Generic_Utilities.BaseClass" name="@BeforeTest BeforeTest" time="0.0">
    <ignored/>
  </testcase> <!-- @BeforeTest BeforeTest -->
  <testcase classname="Generic_Utilities.BaseClass" name="@BeforeTest BeforeTest" time="0.0">
    <ignored/>
  </testcase> <!-- @BeforeTest BeforeTest -->
  <testcase classname="Generic_Utilities.BaseClass" name="@BeforeTest BeforeTest" time="0.0">
    <ignored/>
  </testcase> <!-- @BeforeTest BeforeTest -->
  <testcase classname="Generic_Utilities.BaseClass" name="@BeforeTest BeforeTest" time="0.0">
    <ignored/>
  </testcase> <!-- @BeforeTest BeforeTest -->
  <testcase classname="Generic_Utilities.BaseClass" name="@AfterTest AfterTest" time="0.0">
    <ignored/>
  </testcase> <!-- @AfterTest AfterTest -->
  <testcase classname="Generic_Utilities.BaseClass" name="@AfterTest AfterTest" time="0.0">
    <ignored/>
  </testcase> <!-- @AfterTest AfterTest -->
  <testcase classname="Generic_Utilities.BaseClass" name="@AfterTest AfterTest" time="0.0">
    <ignored/>
  </testcase> <!-- @AfterTest AfterTest -->
  <testcase classname="Generic_Utilities.BaseClass" name="@AfterTest AfterTest" time="0.0">
    <ignored/>
  </testcase> <!-- @AfterTest AfterTest -->
</testsuite> <!-- Test -->
