<?xml version="1.0" encoding="UTF-8"?>
<testng-results ignored="16" total="21" passed="5" failed="0" skipped="0">
  <reporter-output>
  </reporter-output>
  <suite started-at="2024-07-18T20:02:30 IST" name="Suite" finished-at="2024-07-18T20:04:41 IST" duration-ms="130865">
    <groups>
    </groups>
    <test started-at="2024-07-18T20:02:30 IST" name="Test" finished-at="2024-07-18T20:04:41 IST" duration-ms="130865">
      <class name="Contacts.CreateContactWithOrganizationTest">
        <test-method is-config="true" signature="AfterSuite()[pri:0, instance:Contacts.CreateContactWithOrganizationTest@7ec7ffd3]" started-at="2024-07-18T20:02:30 IST" name="AfterSuite" finished-at="2024-07-18T20:02:30 IST" duration-ms="9" status="PASS">
          <reporter-output>
          </reporter-output>
        </test-method> <!-- AfterSuite -->
        <test-method is-config="true" signature="BeforeSuite()[pri:0, instance:Contacts.CreateContactWithOrganizationTest@7ec7ffd3]" started-at="2024-07-18T20:02:30 IST" name="BeforeSuite" finished-at="2024-07-18T20:02:30 IST" duration-ms="1" status="PASS">
          <reporter-output>
          </reporter-output>
        </test-method> <!-- BeforeSuite -->
        <test-method is-config="true" signature="BeforeTest()[pri:0, instance:Contacts.CreateContactWithOrganizationTest@7ec7ffd3]" started-at="2024-07-18T20:02:30 IST" name="BeforeTest" finished-at="2024-07-18T20:02:30 IST" duration-ms="0" status="PASS">
          <reporter-output>
          </reporter-output>
        </test-method> <!-- BeforeTest -->
        <test-method is-config="true" signature="BeforeClass()[pri:0, instance:Contacts.CreateContactWithOrganizationTest@7ec7ffd3]" started-at="2024-07-18T20:02:30 IST" name="BeforeClass" finished-at="2024-07-18T20:02:33 IST" duration-ms="3809" status="PASS">
          <reporter-output>
          </reporter-output>
        </test-method> <!-- BeforeClass -->
        <test-method is-config="true" signature="BeforeMethod()[pri:0, instance:Contacts.CreateContactWithOrganizationTest@7ec7ffd3]" started-at="2024-07-18T20:02:33 IST" name="BeforeMethod" finished-at="2024-07-18T20:02:38 IST" duration-ms="4329" status="PASS">
          <reporter-output>
          </reporter-output>
        </test-method> <!-- BeforeMethod -->
        <test-method signature="CreateContactWithOrganization()[pri:0, instance:Contacts.CreateContactWithOrganizationTest@7ec7ffd3]" started-at="2024-07-18T20:02:38 IST" name="CreateContactWithOrganization" finished-at="2024-07-18T20:02:51 IST" duration-ms="12696" status="PASS">
          <reporter-output>
          </reporter-output>
        </test-method> <!-- CreateContactWithOrganization -->
        <test-method is-config="true" signature="AfterMethod()[pri:0, instance:Contacts.CreateContactWithOrganizationTest@7ec7ffd3]" started-at="2024-07-18T20:02:51 IST" name="AfterMethod" finished-at="2024-07-18T20:02:54 IST" duration-ms="3689" status="PASS">
          <reporter-output>
          </reporter-output>
        </test-method> <!-- AfterMethod -->
        <test-method is-config="true" signature="AfterClass()[pri:0, instance:Contacts.CreateContactWithOrganizationTest@7ec7ffd3]" started-at="2024-07-18T20:02:54 IST" name="AfterClass" finished-at="2024-07-18T20:02:54 IST" duration-ms="192" status="PASS">
          <reporter-output>
          </reporter-output>
        </test-method> <!-- AfterClass -->
        <test-method is-config="true" signature="AfterTest()[pri:0, instance:Contacts.CreateContactWithOrganizationTest@7ec7ffd3]" started-at="2024-07-18T20:04:41 IST" name="AfterTest" finished-at="2024-07-18T20:04:41 IST" duration-ms="0" status="PASS">
          <reporter-output>
          </reporter-output>
        </test-method> <!-- AfterTest -->
      </class> <!-- Contacts.CreateContactWithOrganizationTest -->
      <class name="Products.CreateProductsTest">
        <test-method is-config="true" signature="BeforeClass()[pri:0, instance:Products.CreateProductsTest@dd8ba08]" started-at="2024-07-18T20:02:54 IST" name="BeforeClass" finished-at="2024-07-18T20:02:57 IST" duration-ms="2949" status="PASS">
          <reporter-output>
          </reporter-output>
        </test-method> <!-- BeforeClass -->
        <test-method is-config="true" signature="BeforeMethod()[pri:0, instance:Products.CreateProductsTest@dd8ba08]" started-at="2024-07-18T20:02:57 IST" name="BeforeMethod" finished-at="2024-07-18T20:03:02 IST" duration-ms="4378" status="PASS">
          <reporter-output>
          </reporter-output>
        </test-method> <!-- BeforeMethod -->
        <test-method signature="CreateProducts()[pri:0, instance:Products.CreateProductsTest@dd8ba08]" started-at="2024-07-18T20:03:02 IST" name="CreateProducts" finished-at="2024-07-18T20:03:15 IST" duration-ms="13378" status="PASS">
          <reporter-output>
          </reporter-output>
        </test-method> <!-- CreateProducts -->
        <test-method is-config="true" signature="AfterMethod()[pri:0, instance:Products.CreateProductsTest@dd8ba08]" started-at="2024-07-18T20:03:15 IST" name="AfterMethod" finished-at="2024-07-18T20:03:19 IST" duration-ms="3681" status="PASS">
          <reporter-output>
          </reporter-output>
        </test-method> <!-- AfterMethod -->
        <test-method is-config="true" signature="AfterClass()[pri:0, instance:Products.CreateProductsTest@dd8ba08]" started-at="2024-07-18T20:03:19 IST" name="AfterClass" finished-at="2024-07-18T20:03:19 IST" duration-ms="125" status="PASS">
          <reporter-output>
          </reporter-output>
        </test-method> <!-- AfterClass -->
      </class> <!-- Products.CreateProductsTest -->
      <class name="Campaigns.CreateCampaignsShobhaTest">
        <test-method is-config="true" signature="BeforeClass()[pri:0, instance:Campaigns.CreateCampaignsShobhaTest@245b4bdc]" started-at="2024-07-18T20:03:19 IST" name="BeforeClass" finished-at="2024-07-18T20:03:22 IST" duration-ms="2988" status="PASS">
          <reporter-output>
          </reporter-output>
        </test-method> <!-- BeforeClass -->
        <test-method is-config="true" signature="BeforeMethod()[pri:0, instance:Campaigns.CreateCampaignsShobhaTest@245b4bdc]" started-at="2024-07-18T20:03:22 IST" name="BeforeMethod" finished-at="2024-07-18T20:03:26 IST" duration-ms="4140" status="PASS">
          <reporter-output>
          </reporter-output>
        </test-method> <!-- BeforeMethod -->
        <test-method signature="CreateCampaignsShobha()[pri:0, instance:Campaigns.CreateCampaignsShobhaTest@245b4bdc]" started-at="2024-07-18T20:03:26 IST" name="CreateCampaignsShobha" finished-at="2024-07-18T20:03:37 IST" duration-ms="10457" status="PASS">
          <reporter-output>
          </reporter-output>
        </test-method> <!-- CreateCampaignsShobha -->
        <test-method is-config="true" signature="AfterMethod()[pri:0, instance:Campaigns.CreateCampaignsShobhaTest@245b4bdc]" started-at="2024-07-18T20:03:37 IST" name="AfterMethod" finished-at="2024-07-18T20:03:40 IST" duration-ms="3634" status="PASS">
          <reporter-output>
          </reporter-output>
        </test-method> <!-- AfterMethod -->
        <test-method is-config="true" signature="AfterClass()[pri:0, instance:Campaigns.CreateCampaignsShobhaTest@245b4bdc]" started-at="2024-07-18T20:03:40 IST" name="AfterClass" finished-at="2024-07-18T20:03:40 IST" duration-ms="129" status="PASS">
          <reporter-output>
          </reporter-output>
        </test-method> <!-- AfterClass -->
      </class> <!-- Campaigns.CreateCampaignsShobhaTest -->
      <class name="Campaigns.CreateCampaignsWithProductsTest">
        <test-method is-config="true" signature="BeforeClass()[pri:0, instance:Campaigns.CreateCampaignsWithProductsTest@6ae5aa72]" started-at="2024-07-18T20:04:03 IST" name="BeforeClass" finished-at="2024-07-18T20:04:06 IST" duration-ms="3005" status="PASS">
          <reporter-output>
          </reporter-output>
        </test-method> <!-- BeforeClass -->
        <test-method is-config="true" signature="BeforeMethod()[pri:0, instance:Campaigns.CreateCampaignsWithProductsTest@6ae5aa72]" started-at="2024-07-18T20:04:06 IST" name="BeforeMethod" finished-at="2024-07-18T20:04:10 IST" duration-ms="4200" status="PASS">
          <reporter-output>
          </reporter-output>
        </test-method> <!-- BeforeMethod -->
        <test-method signature="CreateCampaignsWithProducts()[pri:0, instance:Campaigns.CreateCampaignsWithProductsTest@6ae5aa72]" started-at="2024-07-18T20:04:10 IST" name="CreateCampaignsWithProducts" finished-at="2024-07-18T20:04:37 IST" duration-ms="26275" status="PASS">
          <reporter-output>
          </reporter-output>
        </test-method> <!-- CreateCampaignsWithProducts -->
        <test-method is-config="true" signature="AfterMethod()[pri:0, instance:Campaigns.CreateCampaignsWithProductsTest@6ae5aa72]" started-at="2024-07-18T20:04:37 IST" name="AfterMethod" finished-at="2024-07-18T20:04:40 IST" duration-ms="3771" status="PASS">
          <reporter-output>
          </reporter-output>
        </test-method> <!-- AfterMethod -->
        <test-method is-config="true" signature="AfterClass()[pri:0, instance:Campaigns.CreateCampaignsWithProductsTest@6ae5aa72]" started-at="2024-07-18T20:04:40 IST" name="AfterClass" finished-at="2024-07-18T20:04:41 IST" duration-ms="115" status="PASS">
          <reporter-output>
          </reporter-output>
        </test-method> <!-- AfterClass -->
      </class> <!-- Campaigns.CreateCampaignsWithProductsTest -->
      <class name="Organization.CreateOrganizationTest">
        <test-method is-config="true" signature="BeforeClass()[pri:0, instance:Organization.CreateOrganizationTest@6c64cb25]" started-at="2024-07-18T20:03:40 IST" name="BeforeClass" finished-at="2024-07-18T20:03:43 IST" duration-ms="2928" status="PASS">
          <reporter-output>
          </reporter-output>
        </test-method> <!-- BeforeClass -->
        <test-method is-config="true" signature="BeforeMethod()[pri:0, instance:Organization.CreateOrganizationTest@6c64cb25]" started-at="2024-07-18T20:03:43 IST" name="BeforeMethod" finished-at="2024-07-18T20:03:47 IST" duration-ms="4268" status="PASS">
          <reporter-output>
          </reporter-output>
        </test-method> <!-- BeforeMethod -->
        <test-method signature="CreateOrganization()[pri:0, instance:Organization.CreateOrganizationTest@6c64cb25]" started-at="2024-07-18T20:03:47 IST" name="CreateOrganization" finished-at="2024-07-18T20:03:59 IST" duration-ms="11811" status="PASS">
          <reporter-output>
          </reporter-output>
        </test-method> <!-- CreateOrganization -->
        <test-method is-config="true" signature="AfterMethod()[pri:0, instance:Organization.CreateOrganizationTest@6c64cb25]" started-at="2024-07-18T20:03:59 IST" name="AfterMethod" finished-at="2024-07-18T20:04:03 IST" duration-ms="3693" status="PASS">
          <reporter-output>
          </reporter-output>
        </test-method> <!-- AfterMethod -->
        <test-method is-config="true" signature="AfterClass()[pri:0, instance:Organization.CreateOrganizationTest@6c64cb25]" started-at="2024-07-18T20:04:03 IST" name="AfterClass" finished-at="2024-07-18T20:04:03 IST" duration-ms="179" status="PASS">
          <reporter-output>
          </reporter-output>
        </test-method> <!-- AfterClass -->
      </class> <!-- Organization.CreateOrganizationTest -->
    </test> <!-- Test -->
  </suite> <!-- Suite -->
</testng-results>
